
> protocol-server_v2@1.0.0 dev
> nodemon src/app.ts

[33m[nodemon] 2.0.22[39m
[33m[nodemon] to restart at any time, enter `rs`[39m
[33m[nodemon] watching path(s): *.*[39m
[33m[nodemon] watching extensions: ts,json[39m
[32m[nodemon] starting `ts-node src/app.ts`[39m
2024-05-20T18:12:49.799Z [test] info: Mongo Client Connected For DB: ps
2024-05-20T18:12:49.813Z [test] info: MQ Client Connected For: 0.0.0.0
2024-05-20T18:12:49.825Z [test] info: Mongo Client Connected For DB: ps
2024-05-20T18:12:49.826Z [test] info: Redis Client Connected For DB: 1
2024-05-20T18:12:49.826Z [test] info: Lookup Cache Initialized...
2024-05-20T18:12:49.827Z [test] info: Redis Client Connected For DB: 2
2024-05-20T18:12:49.827Z [test] info: Request Cache Initialized...
2024-05-20T18:12:50.568Z [test] info: Protocol Server started on PORT : 5001
2024-05-20T18:12:50.569Z [test] info: Protocol Server Started Successfully
2024-05-20T18:12:50.569Z [test] info: Mode: BAP
2024-05-20T18:12:50.569Z [test] info: Gateway Type: CLIENT
2024-05-20T18:14:05.638Z [test] info: Request from IP address ===> ::1
    Req From URL==> undefined
    

### jsonCompressorMiddleware Processing Time: 2
2024-05-20T18:14:05.642Z [test] info: BAP Context created at BAP-CLIENT :==>
{"ttl":"PT10M","action":"init","timestamp":"2024-05-20T18:14:05.642Z","message_id":"9bb065eb-1f72-41b9-bcec-ae6f454f89ff","transaction_id":"3a70c34c-e420-4090-91ff-fa3b43838439","domain":"onest:financial-support","version":"1.1.0","bap_id":"4826-49-206-252-152.ngrok-free.app","bap_uri":"https://4826-49-206-252-152.ngrok-free.app","bpp_id":"d.tibil.scholarship.dash.tibilprojects.com","bpp_uri":"https://d.tibil.scholarship.dash.tibilprojects.com/protocol-network"}

### contextBuilderMiddleware Processing Time: 5
2024-05-20T18:14:05.644Z [test] info: Building Auth Header

2024-05-20T18:14:05.647Z [test] info: 
*********************************-----***********************************
    Signing String:==>
(created): 1716228785
(expires): 1716232385
digest: BLAKE-512=nEV2cax6F8QtFk8uOHpnpN5PhV4/J8Zjsb61Fg4EkacSt0WKiNeDcFkMaYb/2076x+SQGkml+wSsTTJN6d5hzw==
*********************************-----***********************************

2024-05-20T18:14:05.649Z [test] info: Axios Config for Request from bap client:==>
{"headers":{"authorization":"Signature keyId=\"4826-49-206-252-152.ngrok-free.app|e2af49f4-fa5d-43c7-8204-fcb04e4ec612|ed25519\",algorithm=\"ed25519\",created=\"1716228785\",expires=\"1716232385\",headers=\"(created) (expires) digest\",signature=\"gONrO2OY5AHTDduibi+cFBP1u+gz5NZ4KIymqczF0LnS7VQ72FwIHEEcZU2vkLFrxZRJIWempm8YgDvTYshLAg==\""},"timeout":3000}


queryKey : eyJkb21haW4iOiJOL0EiLCJzdWJzY3JpYmVyX2lkIjoiNDgyNi00OS0yMDYtMjUyLTE1Mi5uZ3Jvay1mcmVlLmFwcCIsInR5cGUiOiJOL0EiLCJ1bmlxdWVfa2V5X2lkIjoiZTJhZjQ5ZjQtZmE1ZC00M2M3LTgyMDQtZmNiMDRlNGVjNjEyIn0
queryKey : eyJkb21haW4iOiJOL0EiLCJzdWJzY3JpYmVyX2lkIjoiNDgyNi00OS0yMDYtMjUyLTE1Mi5uZ3Jvay1mcmVlLmFwcCIsInR5cGUiOiJOL0EiLCJ1bmlxdWVfa2V5X2lkIjoiZTJhZjQ5ZjQtZmE1ZC00M2M3LTgyMDQtZmNiMDRlNGVjNjEyIn0
redisResponse : [{"subscriber_id":"4826-49-206-252-152.ngrok-free.app","subscriber_url":"https://4826-49-206-252-152.ngrok-free.app/","type":"BAP","signing_public_key":"Us5QAhlzGE7RiqzvvysI2D39QjQ+AtGfYwgg+FqRpWM=","valid_until":"2027-01-01T05:30:00.000Z"}]
2024-05-20T18:14:05.650Z [test] info: 
Returning response from Cache at BAP-CLIENT

2024-05-20T18:14:05.650Z [test] info: CachedResponse at BAP-CLIENT: [{"subscriber_id":"4826-49-206-252-152.ngrok-free.app","subscriber_url":"https://4826-49-206-252-152.ngrok-free.app/","type":"BAP","signing_public_key":"Us5QAhlzGE7RiqzvvysI2D39QjQ+AtGfYwgg+FqRpWM=","valid_until":"2027-01-01T05:30:00.000Z"}]
### authBuilderMiddleware Processing Time: 6
Cache Not found. Loading.... schemas/core_1.1.0.yaml
### openApiValidatorMiddleware Processing Time: 848
2024-05-20T18:14:06.499Z [test] info: Sending message to outbox queue at BAP-CLIENT


2024-05-20T18:14:06.499Z [test] info: Request from client:
 {"context":{"ttl":"PT10M","action":"init","timestamp":"2024-05-20T18:14:05.642Z","message_id":"9bb065eb-1f72-41b9-bcec-ae6f454f89ff","transaction_id":"3a70c34c-e420-4090-91ff-fa3b43838439","domain":"onest:financial-support","version":"1.1.0","bap_id":"4826-49-206-252-152.ngrok-free.app","bap_uri":"https://4826-49-206-252-152.ngrok-free.app","bpp_id":"d.tibil.scholarship.dash.tibilprojects.com","bpp_uri":"https://d.tibil.scholarship.dash.tibilprojects.com/protocol-network"},"message":{"order":{"items":[{"id":"5"}],"provider":{"id":"1"},"fulfillments":[{"customer":{"id":"123456","person":{"name":"Mahesh","age":"43","gender":"M"},"contact":{"phone":"9090909090","email":"abc@gmail.com"}},"tracking":false}],"type":"DEFAULT"}}}

2024-05-20T18:14:13.857Z [test] info: Protocol Client Server (Network Settler) recieving message from inbox queue
2024-05-20T18:14:13.857Z [test] info: Response from BPP NETWORK:
 {"context":{"domain":"onest:financial-support","action":"on_init","version":"1.1.0","bpp_id":"d.tibil.scholarship.dash.tibilprojects.com","bpp_uri":"https://d.tibil.scholarship.dash.tibilprojects.com/protocol-network","country":"IND","city":"std:080","bap_id":"4826-49-206-252-152.ngrok-free.app","bap_uri":"https://4826-49-206-252-152.ngrok-free.app","transaction_id":"3a70c34c-e420-4090-91ff-fa3b43838439","message_id":"9bb065eb-1f72-41b9-bcec-ae6f454f89ff","ttl":"PT10M","timestamp":"2024-05-20T18:14:10.162Z"},"message":{"order":{"provider":{"id":"1","descriptor":{"name":"buddy4"}},"items":[{"id":"5","descriptor":{"name":"Kotak Suraksha Scholarship Program for College Students 2024-25","long_desc":"The Kotak Suraksha Scholarship Program by Kotak Securities offers financial aid to Persons with Disabilities (PwD) category students in India. It supports Grade 9 to 12 students and those pursuing general or professional undergraduation studies within the country.","additional_desc":{"opportunity_type":"Scholarship"}},"creator":{"descriptor":{"name":"Kotak Securities Limited (KSL)"}},"price":{"currency":"INR","value":"Up to ₹1,00,000 per year"},"time":{"range":{"start":"2024-03-20T13:23:01+00:00","end":"2024-04-30T13:23:01+00:00"}},"rateable":true,"tags":[{"display":true,"descriptor":{"code":"academic-eligibility","name":"Academic-Eligibility"},"list":[{"descriptor":{"name":"Course","code":"course"},"value":"General/professional graduation","display":true},{"descriptor":{"name":"Min-Eligibility","code":"min-eligibility"},"value":"Pan-India applicants\n\nOpen to PwD (Persons with Disabilities) category students\n\nApplicants must have secured least 55% marks in the previous qualifying examination","display":true}]},{"display":true,"descriptor":{"code":"background-eligibility","name":"Background-Eligibility"},"list":[{"descriptor":{"name":"Social-Eligibility","code":"social-eligibility"},"value":"-","display":true},{"descriptor":{"name":"Gender-Eligibility","code":"gender-eligibility"},"value":"For All","display":true},{"descriptor":{"name":"Annual-Income","code":"annual-income"},"value":"Not more than ₹3,20,000","display":true}]},{"display":true,"descriptor":{"code":"additional-info","name":"Additional-Info"},"list":[{"descriptor":{"name":"Buddy4-Url","code":"buddy4-url"},"value":"https://www.buddy4study.com/page/kotak-suraksha-scholarship-program","display":true},{"descriptor":{"name":"Source-Url","code":"source-url"},"value":"https://www.buddy4study.com/page/kotak-suraksha-scholarship-program","display":true},{"descriptor":{"name":"Document-Url","code":"document-url"},"value":"N/A","display":true},{"descriptor":{"name":"Application-Mode","code":"application-mode"},"value":"Online","display":true},{"descriptor":{"name":"Extension of Deadline","code":"extension of deadline"},"value":"No","display":true},{"descriptor":{"name":"Other Details","code":"other details"},"value":"Children of the employees of Kotak Securities, its affiliates and Buddy4Study are not eligible.","display":true}]}],"xinput":{"required":true,"head":{"descriptor":{"name":"Application Form"},"index":{"min":0,"cur":0,"max":1},"headings":[["Scholarship Application Form"]]},"form":{"mime_type":"text/html","url":"https://d.tibil.scholarship.dash.tibilprojects.com/job/form?org_id=1&transaction_id=3a70c34c-e420-4090-91ff-fa3b43838439&job_id=5&curr_page=0&context=onest:financial-support"}}}],"type":"DEFAULT"}}}


### On res finish Processing Time: 8267 ms
2024-05-20T18:14:35.010Z [test] info: Request from IP address ===> ::1
    Req From URL==> undefined
    

### jsonCompressorMiddleware Processing Time: 1
2024-05-20T18:14:35.013Z [test] info: BAP Context created at BAP-CLIENT :==>
{"ttl":"PT10M","action":"init","timestamp":"2024-05-20T18:14:35.013Z","message_id":"1f625e03-0ef5-43cd-bb52-3e5c34627b0b","transaction_id":"fd63a882-6bf5-4904-9fe8-28ebd1f25416","domain":"onest:financial-support","version":"1.1.0","bap_id":"4826-49-206-252-152.ngrok-free.app","bap_uri":"https://4826-49-206-252-152.ngrok-free.app","bpp_id":"d.tibil.scholarship.dash.tibilprojects.com","bpp_uri":"https://d.tibil.scholarship.dash.tibilprojects.com/protocol-network"}

### contextBuilderMiddleware Processing Time: 2
2024-05-20T18:14:35.013Z [test] info: Building Auth Header

2024-05-20T18:14:35.014Z [test] info: 
*********************************-----***********************************
    Signing String:==>
(created): 1716228815
(expires): 1716232415
digest: BLAKE-512=W2eOHVEwI+jWEzMj0mZCK5eQT4Wzr9heF+PnODxcsqnt7+HM2Ova1Td33tme0NmWjqNor9/K+ax+p0UqjODF3A==
*********************************-----***********************************

2024-05-20T18:14:35.015Z [test] info: Axios Config for Request from bap client:==>
{"headers":{"authorization":"Signature keyId=\"4826-49-206-252-152.ngrok-free.app|e2af49f4-fa5d-43c7-8204-fcb04e4ec612|ed25519\",algorithm=\"ed25519\",created=\"1716228815\",expires=\"1716232415\",headers=\"(created) (expires) digest\",signature=\"UDPUrvAMyyU2rnZL2ueimpLUhIHsC19b2xJ2KMblBMOFaXu9FpiLkSkSZmg98lJb+unhEGzNBOHfP+QONAdECQ==\""},"timeout":3000}


queryKey : eyJkb21haW4iOiJOL0EiLCJzdWJzY3JpYmVyX2lkIjoiNDgyNi00OS0yMDYtMjUyLTE1Mi5uZ3Jvay1mcmVlLmFwcCIsInR5cGUiOiJOL0EiLCJ1bmlxdWVfa2V5X2lkIjoiZTJhZjQ5ZjQtZmE1ZC00M2M3LTgyMDQtZmNiMDRlNGVjNjEyIn0
queryKey : eyJkb21haW4iOiJOL0EiLCJzdWJzY3JpYmVyX2lkIjoiNDgyNi00OS0yMDYtMjUyLTE1Mi5uZ3Jvay1mcmVlLmFwcCIsInR5cGUiOiJOL0EiLCJ1bmlxdWVfa2V5X2lkIjoiZTJhZjQ5ZjQtZmE1ZC00M2M3LTgyMDQtZmNiMDRlNGVjNjEyIn0
redisResponse : [{"subscriber_id":"4826-49-206-252-152.ngrok-free.app","subscriber_url":"https://4826-49-206-252-152.ngrok-free.app/","type":"BAP","signing_public_key":"Us5QAhlzGE7RiqzvvysI2D39QjQ+AtGfYwgg+FqRpWM=","valid_until":"2027-01-01T05:30:00.000Z"}]
2024-05-20T18:14:35.037Z [test] info: 
Returning response from Cache at BAP-CLIENT

2024-05-20T18:14:35.038Z [test] info: CachedResponse at BAP-CLIENT: [{"subscriber_id":"4826-49-206-252-152.ngrok-free.app","subscriber_url":"https://4826-49-206-252-152.ngrok-free.app/","type":"BAP","signing_public_key":"Us5QAhlzGE7RiqzvvysI2D39QjQ+AtGfYwgg+FqRpWM=","valid_until":"2027-01-01T05:30:00.000Z"}]
### authBuilderMiddleware Processing Time: 25
### openApiValidatorMiddleware Processing Time: 778
2024-05-20T18:14:35.816Z [test] info: Sending message to outbox queue at BAP-CLIENT


2024-05-20T18:14:35.817Z [test] info: Request from client:
 {"context":{"ttl":"PT10M","action":"init","timestamp":"2024-05-20T18:14:35.013Z","message_id":"1f625e03-0ef5-43cd-bb52-3e5c34627b0b","transaction_id":"fd63a882-6bf5-4904-9fe8-28ebd1f25416","domain":"onest:financial-support","version":"1.1.0","bap_id":"4826-49-206-252-152.ngrok-free.app","bap_uri":"https://4826-49-206-252-152.ngrok-free.app","bpp_id":"d.tibil.scholarship.dash.tibilprojects.com","bpp_uri":"https://d.tibil.scholarship.dash.tibilprojects.com/protocol-network"},"message":{"order":{"items":[{"id":"5"}],"provider":{"id":"1"},"fulfillments":[{"customer":{"id":"123456","person":{"name":"Mahesh","age":"43","gender":"M"},"contact":{"phone":"9090909090","email":"abc@gmail.com"}},"tracking":false}],"type":"DEFAULT"}}}

2024-05-20T18:14:42.631Z [test] info: Protocol Client Server (Network Settler) recieving message from inbox queue
2024-05-20T18:14:42.632Z [test] info: Response from BPP NETWORK:
 {"context":{"domain":"onest:financial-support","action":"on_init","version":"1.1.0","bpp_id":"d.tibil.scholarship.dash.tibilprojects.com","bpp_uri":"https://d.tibil.scholarship.dash.tibilprojects.com/protocol-network","country":"IND","city":"std:080","bap_id":"4826-49-206-252-152.ngrok-free.app","bap_uri":"https://4826-49-206-252-152.ngrok-free.app","transaction_id":"fd63a882-6bf5-4904-9fe8-28ebd1f25416","message_id":"1f625e03-0ef5-43cd-bb52-3e5c34627b0b","ttl":"PT10M","timestamp":"2024-05-20T18:14:39.316Z"},"message":{"order":{"provider":{"id":"1","descriptor":{"name":"buddy4"}},"items":[{"id":"5","descriptor":{"name":"Kotak Suraksha Scholarship Program for College Students 2024-25","long_desc":"The Kotak Suraksha Scholarship Program by Kotak Securities offers financial aid to Persons with Disabilities (PwD) category students in India. It supports Grade 9 to 12 students and those pursuing general or professional undergraduation studies within the country.","additional_desc":{"opportunity_type":"Scholarship"}},"creator":{"descriptor":{"name":"Kotak Securities Limited (KSL)"}},"price":{"currency":"INR","value":"Up to ₹1,00,000 per year"},"time":{"range":{"start":"2024-03-20T13:23:01+00:00","end":"2024-04-30T13:23:01+00:00"}},"rateable":true,"tags":[{"display":true,"descriptor":{"code":"academic-eligibility","name":"Academic-Eligibility"},"list":[{"descriptor":{"name":"Course","code":"course"},"value":"General/professional graduation","display":true},{"descriptor":{"name":"Min-Eligibility","code":"min-eligibility"},"value":"Pan-India applicants\n\nOpen to PwD (Persons with Disabilities) category students\n\nApplicants must have secured least 55% marks in the previous qualifying examination","display":true}]},{"display":true,"descriptor":{"code":"background-eligibility","name":"Background-Eligibility"},"list":[{"descriptor":{"name":"Social-Eligibility","code":"social-eligibility"},"value":"-","display":true},{"descriptor":{"name":"Gender-Eligibility","code":"gender-eligibility"},"value":"For All","display":true},{"descriptor":{"name":"Annual-Income","code":"annual-income"},"value":"Not more than ₹3,20,000","display":true}]},{"display":true,"descriptor":{"code":"additional-info","name":"Additional-Info"},"list":[{"descriptor":{"name":"Buddy4-Url","code":"buddy4-url"},"value":"https://www.buddy4study.com/page/kotak-suraksha-scholarship-program","display":true},{"descriptor":{"name":"Source-Url","code":"source-url"},"value":"https://www.buddy4study.com/page/kotak-suraksha-scholarship-program","display":true},{"descriptor":{"name":"Document-Url","code":"document-url"},"value":"N/A","display":true},{"descriptor":{"name":"Application-Mode","code":"application-mode"},"value":"Online","display":true},{"descriptor":{"name":"Extension of Deadline","code":"extension of deadline"},"value":"No","display":true},{"descriptor":{"name":"Other Details","code":"other details"},"value":"Children of the employees of Kotak Securities, its affiliates and Buddy4Study are not eligible.","display":true}]}],"xinput":{"required":true,"head":{"descriptor":{"name":"Application Form"},"index":{"min":0,"cur":0,"max":1},"headings":[["Scholarship Application Form"]]},"form":{"mime_type":"text/html","url":"https://d.tibil.scholarship.dash.tibilprojects.com/job/form?org_id=1&transaction_id=fd63a882-6bf5-4904-9fe8-28ebd1f25416&job_id=5&curr_page=0&context=onest:financial-support"}}}],"type":"DEFAULT"}}}


### On res finish Processing Time: 7692 ms
2024-05-20T18:15:04.409Z [test] info: Request from IP address ===> ::1
    Req From URL==> undefined
    

### jsonCompressorMiddleware Processing Time: 1
2024-05-20T18:15:04.412Z [test] info: BAP Context created at BAP-CLIENT :==>
{"ttl":"PT10M","action":"init","timestamp":"2024-05-20T18:15:04.412Z","message_id":"0f7954d1-d46f-46ba-bf2d-b5bc808c5ca9","transaction_id":"c289c8f0-a5a0-4d30-9096-deeff1b9cb3f","domain":"onest:financial-support","version":"1.1.0","bap_id":"4826-49-206-252-152.ngrok-free.app","bap_uri":"https://4826-49-206-252-152.ngrok-free.app","bpp_id":"d.tibil.scholarship.dash.tibilprojects.com","bpp_uri":"https://d.tibil.scholarship.dash.tibilprojects.com/protocol-network"}

### contextBuilderMiddleware Processing Time: 3
2024-05-20T18:15:04.413Z [test] info: Building Auth Header

2024-05-20T18:15:04.413Z [test] info: 
*********************************-----***********************************
    Signing String:==>
(created): 1716228844
(expires): 1716232444
digest: BLAKE-512=3Lt/fp2LhMxjbcSJrMvj4TqukrgDt+C7naj6gzdM2xIO6NSSvtrUSWepGrMI2nGlAAj4D59PsI7K2a+pPcPWMQ==
*********************************-----***********************************

2024-05-20T18:15:04.414Z [test] info: Axios Config for Request from bap client:==>
{"headers":{"authorization":"Signature keyId=\"4826-49-206-252-152.ngrok-free.app|e2af49f4-fa5d-43c7-8204-fcb04e4ec612|ed25519\",algorithm=\"ed25519\",created=\"1716228844\",expires=\"1716232444\",headers=\"(created) (expires) digest\",signature=\"VlQ9P+tIzWQaRnVFwfD/ZEF6IaRDTkkV6jOcwUuS5Z4nI0L9Adw22/NM59jIxOda3vB70IiCHEZWbxfEwEEWCw==\""},"timeout":3000}


queryKey : eyJkb21haW4iOiJOL0EiLCJzdWJzY3JpYmVyX2lkIjoiNDgyNi00OS0yMDYtMjUyLTE1Mi5uZ3Jvay1mcmVlLmFwcCIsInR5cGUiOiJOL0EiLCJ1bmlxdWVfa2V5X2lkIjoiZTJhZjQ5ZjQtZmE1ZC00M2M3LTgyMDQtZmNiMDRlNGVjNjEyIn0
queryKey : eyJkb21haW4iOiJOL0EiLCJzdWJzY3JpYmVyX2lkIjoiNDgyNi00OS0yMDYtMjUyLTE1Mi5uZ3Jvay1mcmVlLmFwcCIsInR5cGUiOiJOL0EiLCJ1bmlxdWVfa2V5X2lkIjoiZTJhZjQ5ZjQtZmE1ZC00M2M3LTgyMDQtZmNiMDRlNGVjNjEyIn0
redisResponse : [{"subscriber_id":"4826-49-206-252-152.ngrok-free.app","subscriber_url":"https://4826-49-206-252-152.ngrok-free.app/","type":"BAP","signing_public_key":"Us5QAhlzGE7RiqzvvysI2D39QjQ+AtGfYwgg+FqRpWM=","valid_until":"2027-01-01T05:30:00.000Z"}]
2024-05-20T18:15:04.415Z [test] info: 
Returning response from Cache at BAP-CLIENT

2024-05-20T18:15:04.415Z [test] info: CachedResponse at BAP-CLIENT: [{"subscriber_id":"4826-49-206-252-152.ngrok-free.app","subscriber_url":"https://4826-49-206-252-152.ngrok-free.app/","type":"BAP","signing_public_key":"Us5QAhlzGE7RiqzvvysI2D39QjQ+AtGfYwgg+FqRpWM=","valid_until":"2027-01-01T05:30:00.000Z"}]
### authBuilderMiddleware Processing Time: 2
### openApiValidatorMiddleware Processing Time: 767
2024-05-20T18:15:05.183Z [test] info: Sending message to outbox queue at BAP-CLIENT


2024-05-20T18:15:05.183Z [test] info: Request from client:
 {"context":{"ttl":"PT10M","action":"init","timestamp":"2024-05-20T18:15:04.412Z","message_id":"0f7954d1-d46f-46ba-bf2d-b5bc808c5ca9","transaction_id":"c289c8f0-a5a0-4d30-9096-deeff1b9cb3f","domain":"onest:financial-support","version":"1.1.0","bap_id":"4826-49-206-252-152.ngrok-free.app","bap_uri":"https://4826-49-206-252-152.ngrok-free.app","bpp_id":"d.tibil.scholarship.dash.tibilprojects.com","bpp_uri":"https://d.tibil.scholarship.dash.tibilprojects.com/protocol-network"},"message":{"order":{"items":[{"id":"5"}],"provider":{"id":"1"},"fulfillments":[{"customer":{"id":"123456","person":{"name":"Mahesh","age":"43","gender":"M"},"contact":{"phone":"9090909090","email":"abc@gmail.com"}},"tracking":false}],"type":"DEFAULT"}}}

2024-05-20T18:15:11.561Z [test] info: Protocol Client Server (Network Settler) recieving message from inbox queue
2024-05-20T18:15:11.561Z [test] info: Response from BPP NETWORK:
 {"context":{"domain":"onest:financial-support","action":"on_init","version":"1.1.0","bpp_id":"d.tibil.scholarship.dash.tibilprojects.com","bpp_uri":"https://d.tibil.scholarship.dash.tibilprojects.com/protocol-network","country":"IND","city":"std:080","bap_id":"4826-49-206-252-152.ngrok-free.app","bap_uri":"https://4826-49-206-252-152.ngrok-free.app","transaction_id":"c289c8f0-a5a0-4d30-9096-deeff1b9cb3f","message_id":"0f7954d1-d46f-46ba-bf2d-b5bc808c5ca9","ttl":"PT10M","timestamp":"2024-05-20T18:15:08.238Z"},"message":{"order":{"provider":{"id":"1","descriptor":{"name":"buddy4"}},"items":[{"id":"5","descriptor":{"name":"Kotak Suraksha Scholarship Program for College Students 2024-25","long_desc":"The Kotak Suraksha Scholarship Program by Kotak Securities offers financial aid to Persons with Disabilities (PwD) category students in India. It supports Grade 9 to 12 students and those pursuing general or professional undergraduation studies within the country.","additional_desc":{"opportunity_type":"Scholarship"}},"creator":{"descriptor":{"name":"Kotak Securities Limited (KSL)"}},"price":{"currency":"INR","value":"Up to ₹1,00,000 per year"},"time":{"range":{"start":"2024-03-20T13:23:01+00:00","end":"2024-04-30T13:23:01+00:00"}},"rateable":true,"tags":[{"display":true,"descriptor":{"code":"academic-eligibility","name":"Academic-Eligibility"},"list":[{"descriptor":{"name":"Course","code":"course"},"value":"General/professional graduation","display":true},{"descriptor":{"name":"Min-Eligibility","code":"min-eligibility"},"value":"Pan-India applicants\n\nOpen to PwD (Persons with Disabilities) category students\n\nApplicants must have secured least 55% marks in the previous qualifying examination","display":true}]},{"display":true,"descriptor":{"code":"background-eligibility","name":"Background-Eligibility"},"list":[{"descriptor":{"name":"Social-Eligibility","code":"social-eligibility"},"value":"-","display":true},{"descriptor":{"name":"Gender-Eligibility","code":"gender-eligibility"},"value":"For All","display":true},{"descriptor":{"name":"Annual-Income","code":"annual-income"},"value":"Not more than ₹3,20,000","display":true}]},{"display":true,"descriptor":{"code":"additional-info","name":"Additional-Info"},"list":[{"descriptor":{"name":"Buddy4-Url","code":"buddy4-url"},"value":"https://www.buddy4study.com/page/kotak-suraksha-scholarship-program","display":true},{"descriptor":{"name":"Source-Url","code":"source-url"},"value":"https://www.buddy4study.com/page/kotak-suraksha-scholarship-program","display":true},{"descriptor":{"name":"Document-Url","code":"document-url"},"value":"N/A","display":true},{"descriptor":{"name":"Application-Mode","code":"application-mode"},"value":"Online","display":true},{"descriptor":{"name":"Extension of Deadline","code":"extension of deadline"},"value":"No","display":true},{"descriptor":{"name":"Other Details","code":"other details"},"value":"Children of the employees of Kotak Securities, its affiliates and Buddy4Study are not eligible.","display":true}]}],"xinput":{"required":true,"head":{"descriptor":{"name":"Application Form"},"index":{"min":0,"cur":0,"max":1},"headings":[["Scholarship Application Form"]]},"form":{"mime_type":"text/html","url":"https://d.tibil.scholarship.dash.tibilprojects.com/job/form?org_id=1&transaction_id=c289c8f0-a5a0-4d30-9096-deeff1b9cb3f&job_id=5&curr_page=0&context=onest:financial-support"}}}],"type":"DEFAULT"}}}


### On res finish Processing Time: 7232 ms
[32m[nodemon] restarting due to changes...[39m
[32m[nodemon] starting `ts-node src/app.ts`[39m
2024-05-20T18:16:50.940Z [test] info: Mongo Client Connected For DB: ps
2024-05-20T18:16:50.954Z [test] info: MQ Client Connected For: 0.0.0.0
2024-05-20T18:16:50.963Z [test] info: Mongo Client Connected For DB: ps
2024-05-20T18:16:50.964Z [test] info: Redis Client Connected For DB: 1
2024-05-20T18:16:50.965Z [test] info: Lookup Cache Initialized...
2024-05-20T18:16:50.965Z [test] info: Redis Client Connected For DB: 2
2024-05-20T18:16:50.965Z [test] info: Request Cache Initialized...
2024-05-20T18:16:51.705Z [test] info: Protocol Server started on PORT : 5001
2024-05-20T18:16:51.705Z [test] info: Protocol Server Started Successfully
2024-05-20T18:16:51.705Z [test] info: Mode: BAP
2024-05-20T18:16:51.705Z [test] info: Gateway Type: CLIENT
[32m[nodemon] restarting due to changes...[39m
[32m[nodemon] starting `ts-node src/app.ts`[39m
2024-05-20T18:17:03.789Z [test] info: Mongo Client Connected For DB: ps
2024-05-20T18:17:03.805Z [test] info: MQ Client Connected For: 0.0.0.0
2024-05-20T18:17:03.818Z [test] info: Mongo Client Connected For DB: ps
2024-05-20T18:17:03.819Z [test] info: Redis Client Connected For DB: 1
2024-05-20T18:17:03.819Z [test] info: Lookup Cache Initialized...
2024-05-20T18:17:03.819Z [test] info: Redis Client Connected For DB: 2
2024-05-20T18:17:03.820Z [test] info: Request Cache Initialized...
2024-05-20T18:17:04.537Z [test] info: Protocol Server started on PORT : 5001
2024-05-20T18:17:04.537Z [test] info: Protocol Server Started Successfully
2024-05-20T18:17:04.537Z [test] info: Mode: BAP
2024-05-20T18:17:04.538Z [test] info: Gateway Type: CLIENT
[32m[nodemon] restarting due to changes...[39m
[32m[nodemon] starting `ts-node src/app.ts`[39m
2024-05-20T18:21:53.396Z [test] info: Mongo Client Connected For DB: ps
2024-05-20T18:21:53.416Z [test] info: MQ Client Connected For: 0.0.0.0
2024-05-20T18:21:53.428Z [test] info: Mongo Client Connected For DB: ps
2024-05-20T18:21:53.429Z [test] info: Redis Client Connected For DB: 1
2024-05-20T18:21:53.429Z [test] info: Lookup Cache Initialized...
2024-05-20T18:21:53.429Z [test] info: Redis Client Connected For DB: 2
2024-05-20T18:21:53.429Z [test] info: Request Cache Initialized...
2024-05-20T18:21:54.199Z [test] info: Protocol Server started on PORT : 5001
2024-05-20T18:21:54.199Z [test] info: Protocol Server Started Successfully
2024-05-20T18:21:54.199Z [test] info: Mode: BAP
2024-05-20T18:21:54.199Z [test] info: Gateway Type: CLIENT
[32m[nodemon] restarting due to changes...[39m
[32m[nodemon] starting `ts-node src/app.ts`[39m
2024-05-20T18:21:58.798Z [test] info: Mongo Client Connected For DB: ps
2024-05-20T18:21:58.816Z [test] info: MQ Client Connected For: 0.0.0.0
2024-05-20T18:21:58.830Z [test] info: Mongo Client Connected For DB: ps
2024-05-20T18:21:58.831Z [test] info: Redis Client Connected For DB: 1
2024-05-20T18:21:58.831Z [test] info: Lookup Cache Initialized...
2024-05-20T18:21:58.831Z [test] info: Redis Client Connected For DB: 2
2024-05-20T18:21:58.831Z [test] info: Request Cache Initialized...
2024-05-20T18:21:59.638Z [test] info: Protocol Server started on PORT : 5001
2024-05-20T18:21:59.638Z [test] info: Protocol Server Started Successfully
2024-05-20T18:21:59.638Z [test] info: Mode: BAP
2024-05-20T18:21:59.638Z [test] info: Gateway Type: CLIENT
[32m[nodemon] restarting due to changes...[39m
[32m[nodemon] starting `ts-node src/app.ts`[39m
2024-05-20T18:22:01.990Z [test] info: Mongo Client Connected For DB: ps
2024-05-20T18:22:02.006Z [test] info: MQ Client Connected For: 0.0.0.0
2024-05-20T18:22:02.019Z [test] info: Mongo Client Connected For DB: ps
2024-05-20T18:22:02.020Z [test] info: Redis Client Connected For DB: 1
2024-05-20T18:22:02.020Z [test] info: Lookup Cache Initialized...
2024-05-20T18:22:02.020Z [test] info: Redis Client Connected For DB: 2
2024-05-20T18:22:02.021Z [test] info: Request Cache Initialized...
2024-05-20T18:22:02.725Z [test] info: Protocol Server started on PORT : 5001
2024-05-20T18:22:02.727Z [test] info: Protocol Server Started Successfully
2024-05-20T18:22:02.727Z [test] info: Mode: BAP
2024-05-20T18:22:02.727Z [test] info: Gateway Type: CLIENT
2024-05-20T18:22:10.321Z [test] info: Request from IP address ===> ::1
    Req From URL==> undefined
    

### jsonCompressorMiddleware Processing Time: 1 ms
2024-05-20T18:22:10.324Z [test] info: BAP Context created at BAP-CLIENT :==>
{"ttl":"PT10M","action":"init","timestamp":"2024-05-20T18:22:10.324Z","message_id":"360427d7-b509-4929-abd8-3e9e36cec054","transaction_id":"a81158c2-12b2-4cca-97ba-7af8648be80e","domain":"onest:financial-support","version":"1.1.0","bap_id":"4826-49-206-252-152.ngrok-free.app","bap_uri":"https://4826-49-206-252-152.ngrok-free.app","bpp_id":"d.tibil.scholarship.dash.tibilprojects.com","bpp_uri":"https://d.tibil.scholarship.dash.tibilprojects.com/protocol-network"}

### contextBuilderMiddleware Processing Time: 3 ms
2024-05-20T18:22:10.324Z [test] info: Building Auth Header

2024-05-20T18:22:10.325Z [test] info: 
*********************************-----***********************************
    Signing String:==>
(created): 1716229270
(expires): 1716232870
digest: BLAKE-512=1Pt/yIduRQZh9PlkiR10KYkA8Vif1SbDjQOKK5EcUVghvpxR/8MXMhMTO47rfLzoAKlmvF+AipCRbjC7Nlyeuw==
*********************************-----***********************************

2024-05-20T18:22:10.328Z [test] info: Axios Config for Request from bap client:==>
{"headers":{"authorization":"Signature keyId=\"4826-49-206-252-152.ngrok-free.app|e2af49f4-fa5d-43c7-8204-fcb04e4ec612|ed25519\",algorithm=\"ed25519\",created=\"1716229270\",expires=\"1716232870\",headers=\"(created) (expires) digest\",signature=\"BmP6tJY4kTX9qxakrAVni6ZhplBbbDUqpVE97D17pqY5UQwaw5FU+mWHbVFrLIssCMvkUsde+IxH/wRA2K6PBw==\""},"timeout":3000}


queryKey : eyJkb21haW4iOiJOL0EiLCJzdWJzY3JpYmVyX2lkIjoiNDgyNi00OS0yMDYtMjUyLTE1Mi5uZ3Jvay1mcmVlLmFwcCIsInR5cGUiOiJOL0EiLCJ1bmlxdWVfa2V5X2lkIjoiZTJhZjQ5ZjQtZmE1ZC00M2M3LTgyMDQtZmNiMDRlNGVjNjEyIn0
queryKey : eyJkb21haW4iOiJOL0EiLCJzdWJzY3JpYmVyX2lkIjoiNDgyNi00OS0yMDYtMjUyLTE1Mi5uZ3Jvay1mcmVlLmFwcCIsInR5cGUiOiJOL0EiLCJ1bmlxdWVfa2V5X2lkIjoiZTJhZjQ5ZjQtZmE1ZC00M2M3LTgyMDQtZmNiMDRlNGVjNjEyIn0
redisResponse : [{"subscriber_id":"4826-49-206-252-152.ngrok-free.app","subscriber_url":"https://4826-49-206-252-152.ngrok-free.app/","type":"BAP","signing_public_key":"Us5QAhlzGE7RiqzvvysI2D39QjQ+AtGfYwgg+FqRpWM=","valid_until":"2027-01-01T05:30:00.000Z"}]
2024-05-20T18:22:10.333Z [test] info: 
Returning response from Cache at BAP-CLIENT

2024-05-20T18:22:10.333Z [test] info: CachedResponse at BAP-CLIENT: [{"subscriber_id":"4826-49-206-252-152.ngrok-free.app","subscriber_url":"https://4826-49-206-252-152.ngrok-free.app/","type":"BAP","signing_public_key":"Us5QAhlzGE7RiqzvvysI2D39QjQ+AtGfYwgg+FqRpWM=","valid_until":"2027-01-01T05:30:00.000Z"}]
### authBuilderMiddleware Processing Time: 9 ms
Cache Not found. Loading.... schemas/core_1.1.0.yaml
### openApiValidatorMiddleware Processing Time: 743 ms
2024-05-20T18:22:11.078Z [test] info: Sending message to outbox queue at BAP-CLIENT


2024-05-20T18:22:11.078Z [test] info: Request from client:
 {"context":{"ttl":"PT10M","action":"init","timestamp":"2024-05-20T18:22:10.324Z","message_id":"360427d7-b509-4929-abd8-3e9e36cec054","transaction_id":"a81158c2-12b2-4cca-97ba-7af8648be80e","domain":"onest:financial-support","version":"1.1.0","bap_id":"4826-49-206-252-152.ngrok-free.app","bap_uri":"https://4826-49-206-252-152.ngrok-free.app","bpp_id":"d.tibil.scholarship.dash.tibilprojects.com","bpp_uri":"https://d.tibil.scholarship.dash.tibilprojects.com/protocol-network"},"message":{"order":{"items":[{"id":"5"}],"provider":{"id":"1"},"fulfillments":[{"customer":{"id":"123456","person":{"name":"Mahesh","age":"43","gender":"M"},"contact":{"phone":"9090909090","email":"abc@gmail.com"}},"tracking":false}],"type":"DEFAULT"}}}

2024-05-20T18:22:18.111Z [test] info: Protocol Client Server (Network Settler) recieving message from inbox queue
2024-05-20T18:22:18.112Z [test] info: Response from BPP NETWORK:
 {"context":{"domain":"onest:financial-support","action":"on_init","version":"1.1.0","bpp_id":"d.tibil.scholarship.dash.tibilprojects.com","bpp_uri":"https://d.tibil.scholarship.dash.tibilprojects.com/protocol-network","country":"IND","city":"std:080","bap_id":"4826-49-206-252-152.ngrok-free.app","bap_uri":"https://4826-49-206-252-152.ngrok-free.app","transaction_id":"a81158c2-12b2-4cca-97ba-7af8648be80e","message_id":"360427d7-b509-4929-abd8-3e9e36cec054","ttl":"PT10M","timestamp":"2024-05-20T18:22:14.615Z"},"message":{"order":{"provider":{"id":"1","descriptor":{"name":"buddy4"}},"items":[{"id":"5","descriptor":{"name":"Kotak Suraksha Scholarship Program for College Students 2024-25","long_desc":"The Kotak Suraksha Scholarship Program by Kotak Securities offers financial aid to Persons with Disabilities (PwD) category students in India. It supports Grade 9 to 12 students and those pursuing general or professional undergraduation studies within the country.","additional_desc":{"opportunity_type":"Scholarship"}},"creator":{"descriptor":{"name":"Kotak Securities Limited (KSL)"}},"price":{"currency":"INR","value":"Up to ₹1,00,000 per year"},"time":{"range":{"start":"2024-03-20T13:23:01+00:00","end":"2024-04-30T13:23:01+00:00"}},"rateable":true,"tags":[{"display":true,"descriptor":{"code":"academic-eligibility","name":"Academic-Eligibility"},"list":[{"descriptor":{"name":"Course","code":"course"},"value":"General/professional graduation","display":true},{"descriptor":{"name":"Min-Eligibility","code":"min-eligibility"},"value":"Pan-India applicants\n\nOpen to PwD (Persons with Disabilities) category students\n\nApplicants must have secured least 55% marks in the previous qualifying examination","display":true}]},{"display":true,"descriptor":{"code":"background-eligibility","name":"Background-Eligibility"},"list":[{"descriptor":{"name":"Social-Eligibility","code":"social-eligibility"},"value":"-","display":true},{"descriptor":{"name":"Gender-Eligibility","code":"gender-eligibility"},"value":"For All","display":true},{"descriptor":{"name":"Annual-Income","code":"annual-income"},"value":"Not more than ₹3,20,000","display":true}]},{"display":true,"descriptor":{"code":"additional-info","name":"Additional-Info"},"list":[{"descriptor":{"name":"Buddy4-Url","code":"buddy4-url"},"value":"https://www.buddy4study.com/page/kotak-suraksha-scholarship-program","display":true},{"descriptor":{"name":"Source-Url","code":"source-url"},"value":"https://www.buddy4study.com/page/kotak-suraksha-scholarship-program","display":true},{"descriptor":{"name":"Document-Url","code":"document-url"},"value":"N/A","display":true},{"descriptor":{"name":"Application-Mode","code":"application-mode"},"value":"Online","display":true},{"descriptor":{"name":"Extension of Deadline","code":"extension of deadline"},"value":"No","display":true},{"descriptor":{"name":"Other Details","code":"other details"},"value":"Children of the employees of Kotak Securities, its affiliates and Buddy4Study are not eligible.","display":true}]}],"xinput":{"required":true,"head":{"descriptor":{"name":"Application Form"},"index":{"min":0,"cur":0,"max":1},"headings":[["Scholarship Application Form"]]},"form":{"mime_type":"text/html","url":"https://d.tibil.scholarship.dash.tibilprojects.com/job/form?org_id=1&transaction_id=a81158c2-12b2-4cca-97ba-7af8648be80e&job_id=5&curr_page=0&context=onest:financial-support"}}}],"type":"DEFAULT"}}}


### On res finish Processing Time: 7833 ms
2024-05-20T18:27:58.635Z [test] info: Request from IP address ===> ::1
    Req From URL==> undefined
    

### jsonCompressorMiddleware Processing Time: 2 ms
2024-05-20T18:27:58.638Z [test] info: BAP Context created at BAP-CLIENT :==>
{"ttl":"PT10M","action":"init","timestamp":"2024-05-20T18:27:58.638Z","message_id":"86898c45-a500-482b-9286-26deced58a09","transaction_id":"26c0272f-85f6-4f1f-a6ea-de52563313fb","domain":"onest:financial-support","version":"1.1.0","bap_id":"4826-49-206-252-152.ngrok-free.app","bap_uri":"https://4826-49-206-252-152.ngrok-free.app","bpp_id":"d.tibil.scholarship.dash.tibilprojects.com","bpp_uri":"https://d.tibil.scholarship.dash.tibilprojects.com/protocol-network"}

### contextBuilderMiddleware Processing Time: 2 ms
2024-05-20T18:27:58.638Z [test] info: Building Auth Header

2024-05-20T18:27:58.639Z [test] info: 
*********************************-----***********************************
    Signing String:==>
(created): 1716229618
(expires): 1716233218
digest: BLAKE-512=nVwpKV5TOdj20fJfA4lQjLDBiDsEnHgTrhMf9yfeqME4Zwv3490tdSIvvR+96mHSv9DtkNvbFaOGoPsAUNgcgw==
*********************************-----***********************************

2024-05-20T18:27:58.639Z [test] info: Axios Config for Request from bap client:==>
{"headers":{"authorization":"Signature keyId=\"4826-49-206-252-152.ngrok-free.app|e2af49f4-fa5d-43c7-8204-fcb04e4ec612|ed25519\",algorithm=\"ed25519\",created=\"1716229618\",expires=\"1716233218\",headers=\"(created) (expires) digest\",signature=\"hjcj7cd3QbunwDN8KuLzco/M91DZEaXwv1KAunq2ncFfxZlMf4MJX0QOVjdLB0RdFZF254qSaB0tCdwfmqT6AA==\""},"timeout":3000}


queryKey : eyJkb21haW4iOiJOL0EiLCJzdWJzY3JpYmVyX2lkIjoiNDgyNi00OS0yMDYtMjUyLTE1Mi5uZ3Jvay1mcmVlLmFwcCIsInR5cGUiOiJOL0EiLCJ1bmlxdWVfa2V5X2lkIjoiZTJhZjQ5ZjQtZmE1ZC00M2M3LTgyMDQtZmNiMDRlNGVjNjEyIn0
queryKey : eyJkb21haW4iOiJOL0EiLCJzdWJzY3JpYmVyX2lkIjoiNDgyNi00OS0yMDYtMjUyLTE1Mi5uZ3Jvay1mcmVlLmFwcCIsInR5cGUiOiJOL0EiLCJ1bmlxdWVfa2V5X2lkIjoiZTJhZjQ5ZjQtZmE1ZC00M2M3LTgyMDQtZmNiMDRlNGVjNjEyIn0
redisResponse : [{"subscriber_id":"4826-49-206-252-152.ngrok-free.app","subscriber_url":"https://4826-49-206-252-152.ngrok-free.app/","type":"BAP","signing_public_key":"Us5QAhlzGE7RiqzvvysI2D39QjQ+AtGfYwgg+FqRpWM=","valid_until":"2027-01-01T05:30:00.000Z"}]
2024-05-20T18:27:58.652Z [test] info: 
Returning response from Cache at BAP-CLIENT

2024-05-20T18:27:58.652Z [test] info: CachedResponse at BAP-CLIENT: [{"subscriber_id":"4826-49-206-252-152.ngrok-free.app","subscriber_url":"https://4826-49-206-252-152.ngrok-free.app/","type":"BAP","signing_public_key":"Us5QAhlzGE7RiqzvvysI2D39QjQ+AtGfYwgg+FqRpWM=","valid_until":"2027-01-01T05:30:00.000Z"}]
### authBuilderMiddleware Processing Time: 14 ms
### openApiValidatorMiddleware Processing Time: 801 ms
2024-05-20T18:27:59.455Z [test] info: Sending message to outbox queue at BAP-CLIENT


2024-05-20T18:27:59.455Z [test] info: Request from client:
 {"context":{"ttl":"PT10M","action":"init","timestamp":"2024-05-20T18:27:58.638Z","message_id":"86898c45-a500-482b-9286-26deced58a09","transaction_id":"26c0272f-85f6-4f1f-a6ea-de52563313fb","domain":"onest:financial-support","version":"1.1.0","bap_id":"4826-49-206-252-152.ngrok-free.app","bap_uri":"https://4826-49-206-252-152.ngrok-free.app","bpp_id":"d.tibil.scholarship.dash.tibilprojects.com","bpp_uri":"https://d.tibil.scholarship.dash.tibilprojects.com/protocol-network"},"message":{"order":{"items":[{"id":"5"}],"provider":{"id":"1"},"fulfillments":[{"customer":{"id":"123456","person":{"name":"Mahesh","age":"43","gender":"M"},"contact":{"phone":"9090909090","email":"abc@gmail.com"}},"tracking":false}],"type":"DEFAULT"}}}

2024-05-20T18:28:07.424Z [test] info: Protocol Client Server (Network Settler) recieving message from inbox queue
2024-05-20T18:28:07.424Z [test] info: Response from BPP NETWORK:
 {"context":{"domain":"onest:financial-support","action":"on_init","version":"1.1.0","bpp_id":"d.tibil.scholarship.dash.tibilprojects.com","bpp_uri":"https://d.tibil.scholarship.dash.tibilprojects.com/protocol-network","country":"IND","city":"std:080","bap_id":"4826-49-206-252-152.ngrok-free.app","bap_uri":"https://4826-49-206-252-152.ngrok-free.app","transaction_id":"26c0272f-85f6-4f1f-a6ea-de52563313fb","message_id":"86898c45-a500-482b-9286-26deced58a09","ttl":"PT10M","timestamp":"2024-05-20T18:28:03.619Z"},"message":{"order":{"provider":{"id":"1","descriptor":{"name":"buddy4"}},"items":[{"id":"5","descriptor":{"name":"Kotak Suraksha Scholarship Program for College Students 2024-25","long_desc":"The Kotak Suraksha Scholarship Program by Kotak Securities offers financial aid to Persons with Disabilities (PwD) category students in India. It supports Grade 9 to 12 students and those pursuing general or professional undergraduation studies within the country.","additional_desc":{"opportunity_type":"Scholarship"}},"creator":{"descriptor":{"name":"Kotak Securities Limited (KSL)"}},"price":{"currency":"INR","value":"Up to ₹1,00,000 per year"},"time":{"range":{"start":"2024-03-20T13:23:01+00:00","end":"2024-04-30T13:23:01+00:00"}},"rateable":true,"tags":[{"display":true,"descriptor":{"code":"academic-eligibility","name":"Academic-Eligibility"},"list":[{"descriptor":{"name":"Course","code":"course"},"value":"General/professional graduation","display":true},{"descriptor":{"name":"Min-Eligibility","code":"min-eligibility"},"value":"Pan-India applicants\n\nOpen to PwD (Persons with Disabilities) category students\n\nApplicants must have secured least 55% marks in the previous qualifying examination","display":true}]},{"display":true,"descriptor":{"code":"background-eligibility","name":"Background-Eligibility"},"list":[{"descriptor":{"name":"Social-Eligibility","code":"social-eligibility"},"value":"-","display":true},{"descriptor":{"name":"Gender-Eligibility","code":"gender-eligibility"},"value":"For All","display":true},{"descriptor":{"name":"Annual-Income","code":"annual-income"},"value":"Not more than ₹3,20,000","display":true}]},{"display":true,"descriptor":{"code":"additional-info","name":"Additional-Info"},"list":[{"descriptor":{"name":"Buddy4-Url","code":"buddy4-url"},"value":"https://www.buddy4study.com/page/kotak-suraksha-scholarship-program","display":true},{"descriptor":{"name":"Source-Url","code":"source-url"},"value":"https://www.buddy4study.com/page/kotak-suraksha-scholarship-program","display":true},{"descriptor":{"name":"Document-Url","code":"document-url"},"value":"N/A","display":true},{"descriptor":{"name":"Application-Mode","code":"application-mode"},"value":"Online","display":true},{"descriptor":{"name":"Extension of Deadline","code":"extension of deadline"},"value":"No","display":true},{"descriptor":{"name":"Other Details","code":"other details"},"value":"Children of the employees of Kotak Securities, its affiliates and Buddy4Study are not eligible.","display":true}]}],"xinput":{"required":true,"head":{"descriptor":{"name":"Application Form"},"index":{"min":0,"cur":0,"max":1},"headings":[["Scholarship Application Form"]]},"form":{"mime_type":"text/html","url":"https://d.tibil.scholarship.dash.tibilprojects.com/job/form?org_id=1&transaction_id=26c0272f-85f6-4f1f-a6ea-de52563313fb&job_id=5&curr_page=0&context=onest:financial-support"}}}],"type":"DEFAULT"}}}


### On res finish Processing Time: 8860 ms
2024-05-20T18:29:04.740Z [test] info: Request from IP address ===> ::1
    Req From URL==> undefined
    

### jsonCompressorMiddleware Processing Time: 2 ms
2024-05-20T18:29:04.743Z [test] info: BAP Context created at BAP-CLIENT :==>
{"ttl":"PT10M","action":"init","timestamp":"2024-05-20T18:29:04.743Z","message_id":"483fa841-cf79-4d5f-a281-b9dee201744d","transaction_id":"4c07dc00-8020-47cc-9e57-a49a165377dd","domain":"onest:financial-support","version":"1.1.0","bap_id":"4826-49-206-252-152.ngrok-free.app","bap_uri":"https://4826-49-206-252-152.ngrok-free.app","bpp_id":"d.tibil.scholarship.dash.tibilprojects.com","bpp_uri":"https://d.tibil.scholarship.dash.tibilprojects.com/protocol-network"}

### contextBuilderMiddleware Processing Time: 1 ms
2024-05-20T18:29:04.743Z [test] info: Building Auth Header

2024-05-20T18:29:04.744Z [test] info: 
*********************************-----***********************************
    Signing String:==>
(created): 1716229684
(expires): 1716233284
digest: BLAKE-512=jpK+1c0SKHTqzy/Ek6Jy8mN9Gmz/DUCakketTlNwRomIhVsXu+X5/L0kj66srRfE2/AkLpLp4Dc7NtTa4CQDmQ==
*********************************-----***********************************

2024-05-20T18:29:04.744Z [test] info: Axios Config for Request from bap client:==>
{"headers":{"authorization":"Signature keyId=\"4826-49-206-252-152.ngrok-free.app|e2af49f4-fa5d-43c7-8204-fcb04e4ec612|ed25519\",algorithm=\"ed25519\",created=\"1716229684\",expires=\"1716233284\",headers=\"(created) (expires) digest\",signature=\"n0wMsEZHJUavWyUQpDxZZG0IkGUQFE2HOXkfCpi4flvhFccfdPV2xi5xH1A/5Be2HKjZAru0rIS8SanxH09PCw==\""},"timeout":3000}


queryKey : eyJkb21haW4iOiJOL0EiLCJzdWJzY3JpYmVyX2lkIjoiNDgyNi00OS0yMDYtMjUyLTE1Mi5uZ3Jvay1mcmVlLmFwcCIsInR5cGUiOiJOL0EiLCJ1bmlxdWVfa2V5X2lkIjoiZTJhZjQ5ZjQtZmE1ZC00M2M3LTgyMDQtZmNiMDRlNGVjNjEyIn0
queryKey : eyJkb21haW4iOiJOL0EiLCJzdWJzY3JpYmVyX2lkIjoiNDgyNi00OS0yMDYtMjUyLTE1Mi5uZ3Jvay1mcmVlLmFwcCIsInR5cGUiOiJOL0EiLCJ1bmlxdWVfa2V5X2lkIjoiZTJhZjQ5ZjQtZmE1ZC00M2M3LTgyMDQtZmNiMDRlNGVjNjEyIn0
redisResponse : [{"subscriber_id":"4826-49-206-252-152.ngrok-free.app","subscriber_url":"https://4826-49-206-252-152.ngrok-free.app/","type":"BAP","signing_public_key":"Us5QAhlzGE7RiqzvvysI2D39QjQ+AtGfYwgg+FqRpWM=","valid_until":"2027-01-01T05:30:00.000Z"}]
2024-05-20T18:29:04.745Z [test] info: 
Returning response from Cache at BAP-CLIENT

2024-05-20T18:29:04.745Z [test] info: CachedResponse at BAP-CLIENT: [{"subscriber_id":"4826-49-206-252-152.ngrok-free.app","subscriber_url":"https://4826-49-206-252-152.ngrok-free.app/","type":"BAP","signing_public_key":"Us5QAhlzGE7RiqzvvysI2D39QjQ+AtGfYwgg+FqRpWM=","valid_until":"2027-01-01T05:30:00.000Z"}]
### authBuilderMiddleware Processing Time: 2 ms
### openApiValidatorMiddleware Processing Time: 767 ms
2024-05-20T18:29:05.512Z [test] info: Sending message to outbox queue at BAP-CLIENT


2024-05-20T18:29:05.512Z [test] info: Request from client:
 {"context":{"ttl":"PT10M","action":"init","timestamp":"2024-05-20T18:29:04.743Z","message_id":"483fa841-cf79-4d5f-a281-b9dee201744d","transaction_id":"4c07dc00-8020-47cc-9e57-a49a165377dd","domain":"onest:financial-support","version":"1.1.0","bap_id":"4826-49-206-252-152.ngrok-free.app","bap_uri":"https://4826-49-206-252-152.ngrok-free.app","bpp_id":"d.tibil.scholarship.dash.tibilprojects.com","bpp_uri":"https://d.tibil.scholarship.dash.tibilprojects.com/protocol-network"},"message":{"order":{"items":[{"id":"5"}],"provider":{"id":"1"},"fulfillments":[{"customer":{"id":"123456","person":{"name":"Mahesh","age":"43","gender":"M"},"contact":{"phone":"9090909090","email":"abc@gmail.com"}},"tracking":false}],"type":"DEFAULT"}}}

2024-05-20T18:29:12.582Z [test] info: Protocol Client Server (Network Settler) recieving message from inbox queue
2024-05-20T18:29:12.582Z [test] info: Response from BPP NETWORK:
 {"context":{"domain":"onest:financial-support","action":"on_init","version":"1.1.0","bpp_id":"d.tibil.scholarship.dash.tibilprojects.com","bpp_uri":"https://d.tibil.scholarship.dash.tibilprojects.com/protocol-network","country":"IND","city":"std:080","bap_id":"4826-49-206-252-152.ngrok-free.app","bap_uri":"https://4826-49-206-252-152.ngrok-free.app","transaction_id":"4c07dc00-8020-47cc-9e57-a49a165377dd","message_id":"483fa841-cf79-4d5f-a281-b9dee201744d","ttl":"PT10M","timestamp":"2024-05-20T18:29:08.935Z"},"message":{"order":{"provider":{"id":"1","descriptor":{"name":"buddy4"}},"items":[{"id":"5","descriptor":{"name":"Kotak Suraksha Scholarship Program for College Students 2024-25","long_desc":"The Kotak Suraksha Scholarship Program by Kotak Securities offers financial aid to Persons with Disabilities (PwD) category students in India. It supports Grade 9 to 12 students and those pursuing general or professional undergraduation studies within the country.","additional_desc":{"opportunity_type":"Scholarship"}},"creator":{"descriptor":{"name":"Kotak Securities Limited (KSL)"}},"price":{"currency":"INR","value":"Up to ₹1,00,000 per year"},"time":{"range":{"start":"2024-03-20T13:23:01+00:00","end":"2024-04-30T13:23:01+00:00"}},"rateable":true,"tags":[{"display":true,"descriptor":{"code":"academic-eligibility","name":"Academic-Eligibility"},"list":[{"descriptor":{"name":"Course","code":"course"},"value":"General/professional graduation","display":true},{"descriptor":{"name":"Min-Eligibility","code":"min-eligibility"},"value":"Pan-India applicants\n\nOpen to PwD (Persons with Disabilities) category students\n\nApplicants must have secured least 55% marks in the previous qualifying examination","display":true}]},{"display":true,"descriptor":{"code":"background-eligibility","name":"Background-Eligibility"},"list":[{"descriptor":{"name":"Social-Eligibility","code":"social-eligibility"},"value":"-","display":true},{"descriptor":{"name":"Gender-Eligibility","code":"gender-eligibility"},"value":"For All","display":true},{"descriptor":{"name":"Annual-Income","code":"annual-income"},"value":"Not more than ₹3,20,000","display":true}]},{"display":true,"descriptor":{"code":"additional-info","name":"Additional-Info"},"list":[{"descriptor":{"name":"Buddy4-Url","code":"buddy4-url"},"value":"https://www.buddy4study.com/page/kotak-suraksha-scholarship-program","display":true},{"descriptor":{"name":"Source-Url","code":"source-url"},"value":"https://www.buddy4study.com/page/kotak-suraksha-scholarship-program","display":true},{"descriptor":{"name":"Document-Url","code":"document-url"},"value":"N/A","display":true},{"descriptor":{"name":"Application-Mode","code":"application-mode"},"value":"Online","display":true},{"descriptor":{"name":"Extension of Deadline","code":"extension of deadline"},"value":"No","display":true},{"descriptor":{"name":"Other Details","code":"other details"},"value":"Children of the employees of Kotak Securities, its affiliates and Buddy4Study are not eligible.","display":true}]}],"xinput":{"required":true,"head":{"descriptor":{"name":"Application Form"},"index":{"min":0,"cur":0,"max":1},"headings":[["Scholarship Application Form"]]},"form":{"mime_type":"text/html","url":"https://d.tibil.scholarship.dash.tibilprojects.com/job/form?org_id=1&transaction_id=4c07dc00-8020-47cc-9e57-a49a165377dd&job_id=5&curr_page=0&context=onest:financial-support"}}}],"type":"DEFAULT"}}}


### On res finish Processing Time: 7870 ms
2024-05-20T18:30:02.735Z [test] info: Request from IP address ===> ::1
    Req From URL==> undefined
    

### jsonCompressorMiddleware Processing Time: 3 ms
2024-05-20T18:30:02.743Z [test] info: BAP Context created at BAP-CLIENT :==>
{"ttl":"PT10M","action":"init","timestamp":"2024-05-20T18:30:02.743Z","message_id":"473eaa16-9939-46e3-bdf3-72e2680b4d60","transaction_id":"d6b29173-b804-49a3-a21d-f5304d21fdd7","domain":"onest:financial-support","version":"1.1.0","bap_id":"4826-49-206-252-152.ngrok-free.app","bap_uri":"https://4826-49-206-252-152.ngrok-free.app","bpp_id":"d.tibil.scholarship.dash.tibilprojects.com","bpp_uri":"https://d.tibil.scholarship.dash.tibilprojects.com/protocol-network"}

### contextBuilderMiddleware Processing Time: 5 ms
2024-05-20T18:30:02.744Z [test] info: Building Auth Header

2024-05-20T18:30:02.745Z [test] info: 
*********************************-----***********************************
    Signing String:==>
(created): 1716229742
(expires): 1716233342
digest: BLAKE-512=vDJyVfpGePr20aANqqefyl58mdi/fQXmm8btXovIfx+O7IRVxH20phSm7vE5MtkNTiUohgJ0rLXwqdLy4yi/Ow==
*********************************-----***********************************

2024-05-20T18:30:02.745Z [test] info: Axios Config for Request from bap client:==>
{"headers":{"authorization":"Signature keyId=\"4826-49-206-252-152.ngrok-free.app|e2af49f4-fa5d-43c7-8204-fcb04e4ec612|ed25519\",algorithm=\"ed25519\",created=\"1716229742\",expires=\"1716233342\",headers=\"(created) (expires) digest\",signature=\"HgPhgmuMDfvnK2oit/1i23dcGr5heVf8QboLZ9BpvclKC/1BPy+/SX0654JEChq+vxaDzTizVnoE7z+mLReODg==\""},"timeout":3000}


queryKey : eyJkb21haW4iOiJOL0EiLCJzdWJzY3JpYmVyX2lkIjoiNDgyNi00OS0yMDYtMjUyLTE1Mi5uZ3Jvay1mcmVlLmFwcCIsInR5cGUiOiJOL0EiLCJ1bmlxdWVfa2V5X2lkIjoiZTJhZjQ5ZjQtZmE1ZC00M2M3LTgyMDQtZmNiMDRlNGVjNjEyIn0
queryKey : eyJkb21haW4iOiJOL0EiLCJzdWJzY3JpYmVyX2lkIjoiNDgyNi00OS0yMDYtMjUyLTE1Mi5uZ3Jvay1mcmVlLmFwcCIsInR5cGUiOiJOL0EiLCJ1bmlxdWVfa2V5X2lkIjoiZTJhZjQ5ZjQtZmE1ZC00M2M3LTgyMDQtZmNiMDRlNGVjNjEyIn0
redisResponse : [{"subscriber_id":"4826-49-206-252-152.ngrok-free.app","subscriber_url":"https://4826-49-206-252-152.ngrok-free.app/","type":"BAP","signing_public_key":"Us5QAhlzGE7RiqzvvysI2D39QjQ+AtGfYwgg+FqRpWM=","valid_until":"2027-01-01T05:30:00.000Z"}]
2024-05-20T18:30:02.762Z [test] info: 
Returning response from Cache at BAP-CLIENT

2024-05-20T18:30:02.762Z [test] info: CachedResponse at BAP-CLIENT: [{"subscriber_id":"4826-49-206-252-152.ngrok-free.app","subscriber_url":"https://4826-49-206-252-152.ngrok-free.app/","type":"BAP","signing_public_key":"Us5QAhlzGE7RiqzvvysI2D39QjQ+AtGfYwgg+FqRpWM=","valid_until":"2027-01-01T05:30:00.000Z"}]
### authBuilderMiddleware Processing Time: 19 ms
### openApiValidatorMiddleware Processing Time: 927 ms
2024-05-20T18:30:03.693Z [test] info: Sending message to outbox queue at BAP-CLIENT


2024-05-20T18:30:03.693Z [test] info: Request from client:
 {"context":{"ttl":"PT10M","action":"init","timestamp":"2024-05-20T18:30:02.743Z","message_id":"473eaa16-9939-46e3-bdf3-72e2680b4d60","transaction_id":"d6b29173-b804-49a3-a21d-f5304d21fdd7","domain":"onest:financial-support","version":"1.1.0","bap_id":"4826-49-206-252-152.ngrok-free.app","bap_uri":"https://4826-49-206-252-152.ngrok-free.app","bpp_id":"d.tibil.scholarship.dash.tibilprojects.com","bpp_uri":"https://d.tibil.scholarship.dash.tibilprojects.com/protocol-network"},"message":{"order":{"items":[{"id":"5"}],"provider":{"id":"1"},"fulfillments":[{"customer":{"id":"123456","person":{"name":"Mahesh","age":"43","gender":"M"},"contact":{"phone":"9090909090","email":"abc@gmail.com"}},"tracking":false}],"type":"DEFAULT"}}}

2024-05-20T18:30:10.219Z [test] info: Protocol Client Server (Network Settler) recieving message from inbox queue
2024-05-20T18:30:10.219Z [test] info: Response from BPP NETWORK:
 {"context":{"domain":"onest:financial-support","action":"on_init","version":"1.1.0","bpp_id":"d.tibil.scholarship.dash.tibilprojects.com","bpp_uri":"https://d.tibil.scholarship.dash.tibilprojects.com/protocol-network","country":"IND","city":"std:080","bap_id":"4826-49-206-252-152.ngrok-free.app","bap_uri":"https://4826-49-206-252-152.ngrok-free.app","transaction_id":"d6b29173-b804-49a3-a21d-f5304d21fdd7","message_id":"473eaa16-9939-46e3-bdf3-72e2680b4d60","ttl":"PT10M","timestamp":"2024-05-20T18:30:07.272Z"},"message":{"order":{"provider":{"id":"1","descriptor":{"name":"buddy4"}},"items":[{"id":"5","descriptor":{"name":"Kotak Suraksha Scholarship Program for College Students 2024-25","long_desc":"The Kotak Suraksha Scholarship Program by Kotak Securities offers financial aid to Persons with Disabilities (PwD) category students in India. It supports Grade 9 to 12 students and those pursuing general or professional undergraduation studies within the country.","additional_desc":{"opportunity_type":"Scholarship"}},"creator":{"descriptor":{"name":"Kotak Securities Limited (KSL)"}},"price":{"currency":"INR","value":"Up to ₹1,00,000 per year"},"time":{"range":{"start":"2024-03-20T13:23:01+00:00","end":"2024-04-30T13:23:01+00:00"}},"rateable":true,"tags":[{"display":true,"descriptor":{"code":"academic-eligibility","name":"Academic-Eligibility"},"list":[{"descriptor":{"name":"Course","code":"course"},"value":"General/professional graduation","display":true},{"descriptor":{"name":"Min-Eligibility","code":"min-eligibility"},"value":"Pan-India applicants\n\nOpen to PwD (Persons with Disabilities) category students\n\nApplicants must have secured least 55% marks in the previous qualifying examination","display":true}]},{"display":true,"descriptor":{"code":"background-eligibility","name":"Background-Eligibility"},"list":[{"descriptor":{"name":"Social-Eligibility","code":"social-eligibility"},"value":"-","display":true},{"descriptor":{"name":"Gender-Eligibility","code":"gender-eligibility"},"value":"For All","display":true},{"descriptor":{"name":"Annual-Income","code":"annual-income"},"value":"Not more than ₹3,20,000","display":true}]},{"display":true,"descriptor":{"code":"additional-info","name":"Additional-Info"},"list":[{"descriptor":{"name":"Buddy4-Url","code":"buddy4-url"},"value":"https://www.buddy4study.com/page/kotak-suraksha-scholarship-program","display":true},{"descriptor":{"name":"Source-Url","code":"source-url"},"value":"https://www.buddy4study.com/page/kotak-suraksha-scholarship-program","display":true},{"descriptor":{"name":"Document-Url","code":"document-url"},"value":"N/A","display":true},{"descriptor":{"name":"Application-Mode","code":"application-mode"},"value":"Online","display":true},{"descriptor":{"name":"Extension of Deadline","code":"extension of deadline"},"value":"No","display":true},{"descriptor":{"name":"Other Details","code":"other details"},"value":"Children of the employees of Kotak Securities, its affiliates and Buddy4Study are not eligible.","display":true}]}],"xinput":{"required":true,"head":{"descriptor":{"name":"Application Form"},"index":{"min":0,"cur":0,"max":1},"headings":[["Scholarship Application Form"]]},"form":{"mime_type":"text/html","url":"https://d.tibil.scholarship.dash.tibilprojects.com/job/form?org_id=1&transaction_id=d6b29173-b804-49a3-a21d-f5304d21fdd7&job_id=5&curr_page=0&context=onest:financial-support"}}}],"type":"DEFAULT"}}}


### On res finish Processing Time: 7526 ms
2024-05-20T18:31:50.968Z [test] info: Request from IP address ===> ::1
    Req From URL==> undefined
    

### jsonCompressorMiddleware Processing Time: 2 ms
2024-05-20T18:31:50.971Z [test] info: BAP Context created at BAP-CLIENT :==>
{"ttl":"PT10M","action":"init","timestamp":"2024-05-20T18:31:50.971Z","message_id":"c848cb4d-ebc1-4b12-8bf1-de732bb2b558","transaction_id":"e0ccc7c4-833c-4a7b-91b4-9d06b3b778e3","domain":"onest:financial-support","version":"1.1.0","bap_id":"4826-49-206-252-152.ngrok-free.app","bap_uri":"https://4826-49-206-252-152.ngrok-free.app","bpp_id":"d.tibil.scholarship.dash.tibilprojects.com","bpp_uri":"https://d.tibil.scholarship.dash.tibilprojects.com/protocol-network"}

### contextBuilderMiddleware Processing Time: 2 ms
2024-05-20T18:31:50.971Z [test] info: Building Auth Header

2024-05-20T18:31:50.972Z [test] info: 
*********************************-----***********************************
    Signing String:==>
(created): 1716229850
(expires): 1716233450
digest: BLAKE-512=7EjQOo6/N2abTISVGifSlJwP5v2+d6NrdYTxEYmaSkK08Wd0hfczH7/t4RoTS+hIVc66ePUjurKofyyPOBZ11w==
*********************************-----***********************************

2024-05-20T18:31:50.972Z [test] info: Axios Config for Request from bap client:==>
{"headers":{"authorization":"Signature keyId=\"4826-49-206-252-152.ngrok-free.app|e2af49f4-fa5d-43c7-8204-fcb04e4ec612|ed25519\",algorithm=\"ed25519\",created=\"1716229850\",expires=\"1716233450\",headers=\"(created) (expires) digest\",signature=\"W2GU6j3iGCXpkpg2OMrU2R3KDXGdBQ/GuJ2P+O3/yDe0/7Jutq6Vt64axZuK9T0d1YUBT3yHXzy6Y5QMPt7JCA==\""},"timeout":3000}


queryKey : eyJkb21haW4iOiJOL0EiLCJzdWJzY3JpYmVyX2lkIjoiNDgyNi00OS0yMDYtMjUyLTE1Mi5uZ3Jvay1mcmVlLmFwcCIsInR5cGUiOiJOL0EiLCJ1bmlxdWVfa2V5X2lkIjoiZTJhZjQ5ZjQtZmE1ZC00M2M3LTgyMDQtZmNiMDRlNGVjNjEyIn0
queryKey : eyJkb21haW4iOiJOL0EiLCJzdWJzY3JpYmVyX2lkIjoiNDgyNi00OS0yMDYtMjUyLTE1Mi5uZ3Jvay1mcmVlLmFwcCIsInR5cGUiOiJOL0EiLCJ1bmlxdWVfa2V5X2lkIjoiZTJhZjQ5ZjQtZmE1ZC00M2M3LTgyMDQtZmNiMDRlNGVjNjEyIn0
redisResponse : [{"subscriber_id":"4826-49-206-252-152.ngrok-free.app","subscriber_url":"https://4826-49-206-252-152.ngrok-free.app/","type":"BAP","signing_public_key":"Us5QAhlzGE7RiqzvvysI2D39QjQ+AtGfYwgg+FqRpWM=","valid_until":"2027-01-01T05:30:00.000Z"}]
2024-05-20T18:31:50.973Z [test] info: 
Returning response from Cache at BAP-CLIENT

2024-05-20T18:31:50.973Z [test] info: CachedResponse at BAP-CLIENT: [{"subscriber_id":"4826-49-206-252-152.ngrok-free.app","subscriber_url":"https://4826-49-206-252-152.ngrok-free.app/","type":"BAP","signing_public_key":"Us5QAhlzGE7RiqzvvysI2D39QjQ+AtGfYwgg+FqRpWM=","valid_until":"2027-01-01T05:30:00.000Z"}]
### authBuilderMiddleware Processing Time: 3 ms
### openApiValidatorMiddleware Processing Time: 760 ms
2024-05-20T18:31:51.736Z [test] info: Sending message to outbox queue at BAP-CLIENT


2024-05-20T18:31:51.736Z [test] info: Request from client:
 {"context":{"ttl":"PT10M","action":"init","timestamp":"2024-05-20T18:31:50.971Z","message_id":"c848cb4d-ebc1-4b12-8bf1-de732bb2b558","transaction_id":"e0ccc7c4-833c-4a7b-91b4-9d06b3b778e3","domain":"onest:financial-support","version":"1.1.0","bap_id":"4826-49-206-252-152.ngrok-free.app","bap_uri":"https://4826-49-206-252-152.ngrok-free.app","bpp_id":"d.tibil.scholarship.dash.tibilprojects.com","bpp_uri":"https://d.tibil.scholarship.dash.tibilprojects.com/protocol-network"},"message":{"order":{"items":[{"id":"5"}],"provider":{"id":"1"},"fulfillments":[{"customer":{"id":"123456","person":{"name":"Mahesh","age":"43","gender":"M"},"contact":{"phone":"9090909090","email":"abc@gmail.com"}},"tracking":false}],"type":"DEFAULT"}}}

2024-05-20T18:31:59.024Z [test] info: Protocol Client Server (Network Settler) recieving message from inbox queue
2024-05-20T18:31:59.024Z [test] info: Response from BPP NETWORK:
 {"context":{"domain":"onest:financial-support","action":"on_init","version":"1.1.0","bpp_id":"d.tibil.scholarship.dash.tibilprojects.com","bpp_uri":"https://d.tibil.scholarship.dash.tibilprojects.com/protocol-network","country":"IND","city":"std:080","bap_id":"4826-49-206-252-152.ngrok-free.app","bap_uri":"https://4826-49-206-252-152.ngrok-free.app","transaction_id":"e0ccc7c4-833c-4a7b-91b4-9d06b3b778e3","message_id":"c848cb4d-ebc1-4b12-8bf1-de732bb2b558","ttl":"PT10M","timestamp":"2024-05-20T18:31:55.318Z"},"message":{"order":{"provider":{"id":"1","descriptor":{"name":"buddy4"}},"items":[{"id":"5","descriptor":{"name":"Kotak Suraksha Scholarship Program for College Students 2024-25","long_desc":"The Kotak Suraksha Scholarship Program by Kotak Securities offers financial aid to Persons with Disabilities (PwD) category students in India. It supports Grade 9 to 12 students and those pursuing general or professional undergraduation studies within the country.","additional_desc":{"opportunity_type":"Scholarship"}},"creator":{"descriptor":{"name":"Kotak Securities Limited (KSL)"}},"price":{"currency":"INR","value":"Up to ₹1,00,000 per year"},"time":{"range":{"start":"2024-03-20T13:23:01+00:00","end":"2024-04-30T13:23:01+00:00"}},"rateable":true,"tags":[{"display":true,"descriptor":{"code":"academic-eligibility","name":"Academic-Eligibility"},"list":[{"descriptor":{"name":"Course","code":"course"},"value":"General/professional graduation","display":true},{"descriptor":{"name":"Min-Eligibility","code":"min-eligibility"},"value":"Pan-India applicants\n\nOpen to PwD (Persons with Disabilities) category students\n\nApplicants must have secured least 55% marks in the previous qualifying examination","display":true}]},{"display":true,"descriptor":{"code":"background-eligibility","name":"Background-Eligibility"},"list":[{"descriptor":{"name":"Social-Eligibility","code":"social-eligibility"},"value":"-","display":true},{"descriptor":{"name":"Gender-Eligibility","code":"gender-eligibility"},"value":"For All","display":true},{"descriptor":{"name":"Annual-Income","code":"annual-income"},"value":"Not more than ₹3,20,000","display":true}]},{"display":true,"descriptor":{"code":"additional-info","name":"Additional-Info"},"list":[{"descriptor":{"name":"Buddy4-Url","code":"buddy4-url"},"value":"https://www.buddy4study.com/page/kotak-suraksha-scholarship-program","display":true},{"descriptor":{"name":"Source-Url","code":"source-url"},"value":"https://www.buddy4study.com/page/kotak-suraksha-scholarship-program","display":true},{"descriptor":{"name":"Document-Url","code":"document-url"},"value":"N/A","display":true},{"descriptor":{"name":"Application-Mode","code":"application-mode"},"value":"Online","display":true},{"descriptor":{"name":"Extension of Deadline","code":"extension of deadline"},"value":"No","display":true},{"descriptor":{"name":"Other Details","code":"other details"},"value":"Children of the employees of Kotak Securities, its affiliates and Buddy4Study are not eligible.","display":true}]}],"xinput":{"required":true,"head":{"descriptor":{"name":"Application Form"},"index":{"min":0,"cur":0,"max":1},"headings":[["Scholarship Application Form"]]},"form":{"mime_type":"text/html","url":"https://d.tibil.scholarship.dash.tibilprojects.com/job/form?org_id=1&transaction_id=e0ccc7c4-833c-4a7b-91b4-9d06b3b778e3&job_id=5&curr_page=0&context=onest:financial-support"}}}],"type":"DEFAULT"}}}


### On res finish Processing Time: 8062 ms
2024-05-20T18:33:10.455Z [test] info: Request from IP address ===> ::1
    Req From URL==> undefined
    

### jsonCompressorMiddleware Processing Time: 2 ms
2024-05-20T18:33:10.458Z [test] info: BAP Context created at BAP-CLIENT :==>
{"ttl":"PT10M","action":"init","timestamp":"2024-05-20T18:33:10.458Z","message_id":"e7afa744-48f0-455b-8cea-a4f0fa368be9","transaction_id":"67450df3-ceae-420e-a67f-70b3f587e586","domain":"onest:financial-support","version":"1.1.0","bap_id":"4826-49-206-252-152.ngrok-free.app","bap_uri":"https://4826-49-206-252-152.ngrok-free.app","bpp_id":"d.tibil.scholarship.dash.tibilprojects.com","bpp_uri":"https://d.tibil.scholarship.dash.tibilprojects.com/protocol-network"}

### contextBuilderMiddleware Processing Time: 1 ms
2024-05-20T18:33:10.458Z [test] info: Building Auth Header

2024-05-20T18:33:10.459Z [test] info: 
*********************************-----***********************************
    Signing String:==>
(created): 1716229930
(expires): 1716233530
digest: BLAKE-512=oI8PnutuSpJRxKW+1/uKlSlca4ooHjzjCqBB+AeiHl1C9l6MdJDNe6GfmcxgHY8bolDOFdDK+behBcNr51cnqw==
*********************************-----***********************************

2024-05-20T18:33:10.459Z [test] info: Axios Config for Request from bap client:==>
{"headers":{"authorization":"Signature keyId=\"4826-49-206-252-152.ngrok-free.app|e2af49f4-fa5d-43c7-8204-fcb04e4ec612|ed25519\",algorithm=\"ed25519\",created=\"1716229930\",expires=\"1716233530\",headers=\"(created) (expires) digest\",signature=\"BQ6KuZYYm9kv2hKIZbJV31I1atiXMZBvGLgXG/YwpvvFR4IkREfPhr4TrHtrzto+VOhzQ57NlloM1xVGUL+SAQ==\""},"timeout":3000}


queryKey : eyJkb21haW4iOiJOL0EiLCJzdWJzY3JpYmVyX2lkIjoiNDgyNi00OS0yMDYtMjUyLTE1Mi5uZ3Jvay1mcmVlLmFwcCIsInR5cGUiOiJOL0EiLCJ1bmlxdWVfa2V5X2lkIjoiZTJhZjQ5ZjQtZmE1ZC00M2M3LTgyMDQtZmNiMDRlNGVjNjEyIn0
queryKey : eyJkb21haW4iOiJOL0EiLCJzdWJzY3JpYmVyX2lkIjoiNDgyNi00OS0yMDYtMjUyLTE1Mi5uZ3Jvay1mcmVlLmFwcCIsInR5cGUiOiJOL0EiLCJ1bmlxdWVfa2V5X2lkIjoiZTJhZjQ5ZjQtZmE1ZC00M2M3LTgyMDQtZmNiMDRlNGVjNjEyIn0
redisResponse : [{"subscriber_id":"4826-49-206-252-152.ngrok-free.app","subscriber_url":"https://4826-49-206-252-152.ngrok-free.app/","type":"BAP","signing_public_key":"Us5QAhlzGE7RiqzvvysI2D39QjQ+AtGfYwgg+FqRpWM=","valid_until":"2027-01-01T05:30:00.000Z"}]
2024-05-20T18:33:10.459Z [test] info: 
Returning response from Cache at BAP-CLIENT

2024-05-20T18:33:10.460Z [test] info: CachedResponse at BAP-CLIENT: [{"subscriber_id":"4826-49-206-252-152.ngrok-free.app","subscriber_url":"https://4826-49-206-252-152.ngrok-free.app/","type":"BAP","signing_public_key":"Us5QAhlzGE7RiqzvvysI2D39QjQ+AtGfYwgg+FqRpWM=","valid_until":"2027-01-01T05:30:00.000Z"}]
### authBuilderMiddleware Processing Time: 2 ms
### openApiValidatorMiddleware Processing Time: 777 ms
2024-05-20T18:33:11.238Z [test] info: Sending message to outbox queue at BAP-CLIENT


2024-05-20T18:33:11.238Z [test] info: Request from client:
 {"context":{"ttl":"PT10M","action":"init","timestamp":"2024-05-20T18:33:10.458Z","message_id":"e7afa744-48f0-455b-8cea-a4f0fa368be9","transaction_id":"67450df3-ceae-420e-a67f-70b3f587e586","domain":"onest:financial-support","version":"1.1.0","bap_id":"4826-49-206-252-152.ngrok-free.app","bap_uri":"https://4826-49-206-252-152.ngrok-free.app","bpp_id":"d.tibil.scholarship.dash.tibilprojects.com","bpp_uri":"https://d.tibil.scholarship.dash.tibilprojects.com/protocol-network"},"message":{"order":{"items":[{"id":"5"}],"provider":{"id":"1"},"fulfillments":[{"customer":{"id":"123456","person":{"name":"Mahesh","age":"43","gender":"M"},"contact":{"phone":"9090909090","email":"abc@gmail.com"}},"tracking":false}],"type":"DEFAULT"}}}

2024-05-20T18:33:17.702Z [test] info: Protocol Client Server (Network Settler) recieving message from inbox queue
2024-05-20T18:33:17.703Z [test] info: Response from BPP NETWORK:
 {"context":{"domain":"onest:financial-support","action":"on_init","version":"1.1.0","bpp_id":"d.tibil.scholarship.dash.tibilprojects.com","bpp_uri":"https://d.tibil.scholarship.dash.tibilprojects.com/protocol-network","country":"IND","city":"std:080","bap_id":"4826-49-206-252-152.ngrok-free.app","bap_uri":"https://4826-49-206-252-152.ngrok-free.app","transaction_id":"67450df3-ceae-420e-a67f-70b3f587e586","message_id":"e7afa744-48f0-455b-8cea-a4f0fa368be9","ttl":"PT10M","timestamp":"2024-05-20T18:33:14.738Z"},"message":{"order":{"provider":{"id":"1","descriptor":{"name":"buddy4"}},"items":[{"id":"5","descriptor":{"name":"Kotak Suraksha Scholarship Program for College Students 2024-25","long_desc":"The Kotak Suraksha Scholarship Program by Kotak Securities offers financial aid to Persons with Disabilities (PwD) category students in India. It supports Grade 9 to 12 students and those pursuing general or professional undergraduation studies within the country.","additional_desc":{"opportunity_type":"Scholarship"}},"creator":{"descriptor":{"name":"Kotak Securities Limited (KSL)"}},"price":{"currency":"INR","value":"Up to ₹1,00,000 per year"},"time":{"range":{"start":"2024-03-20T13:23:01+00:00","end":"2024-04-30T13:23:01+00:00"}},"rateable":true,"tags":[{"display":true,"descriptor":{"code":"academic-eligibility","name":"Academic-Eligibility"},"list":[{"descriptor":{"name":"Course","code":"course"},"value":"General/professional graduation","display":true},{"descriptor":{"name":"Min-Eligibility","code":"min-eligibility"},"value":"Pan-India applicants\n\nOpen to PwD (Persons with Disabilities) category students\n\nApplicants must have secured least 55% marks in the previous qualifying examination","display":true}]},{"display":true,"descriptor":{"code":"background-eligibility","name":"Background-Eligibility"},"list":[{"descriptor":{"name":"Social-Eligibility","code":"social-eligibility"},"value":"-","display":true},{"descriptor":{"name":"Gender-Eligibility","code":"gender-eligibility"},"value":"For All","display":true},{"descriptor":{"name":"Annual-Income","code":"annual-income"},"value":"Not more than ₹3,20,000","display":true}]},{"display":true,"descriptor":{"code":"additional-info","name":"Additional-Info"},"list":[{"descriptor":{"name":"Buddy4-Url","code":"buddy4-url"},"value":"https://www.buddy4study.com/page/kotak-suraksha-scholarship-program","display":true},{"descriptor":{"name":"Source-Url","code":"source-url"},"value":"https://www.buddy4study.com/page/kotak-suraksha-scholarship-program","display":true},{"descriptor":{"name":"Document-Url","code":"document-url"},"value":"N/A","display":true},{"descriptor":{"name":"Application-Mode","code":"application-mode"},"value":"Online","display":true},{"descriptor":{"name":"Extension of Deadline","code":"extension of deadline"},"value":"No","display":true},{"descriptor":{"name":"Other Details","code":"other details"},"value":"Children of the employees of Kotak Securities, its affiliates and Buddy4Study are not eligible.","display":true}]}],"xinput":{"required":true,"head":{"descriptor":{"name":"Application Form"},"index":{"min":0,"cur":0,"max":1},"headings":[["Scholarship Application Form"]]},"form":{"mime_type":"text/html","url":"https://d.tibil.scholarship.dash.tibilprojects.com/job/form?org_id=1&transaction_id=67450df3-ceae-420e-a67f-70b3f587e586&job_id=5&curr_page=0&context=onest:financial-support"}}}],"type":"DEFAULT"}}}


### On res finish Processing Time: 7312 ms
[32m[nodemon] restarting due to changes...[39m
[32m[nodemon] starting `ts-node src/app.ts`[39m
2024-05-20T18:33:52.424Z [test] info: Mongo Client Connected For DB: ps
2024-05-20T18:33:52.435Z [test] info: MQ Client Connected For: 0.0.0.0
2024-05-20T18:33:52.443Z [test] info: Mongo Client Connected For DB: ps
2024-05-20T18:33:52.444Z [test] info: Redis Client Connected For DB: 1
2024-05-20T18:33:52.444Z [test] info: Lookup Cache Initialized...
2024-05-20T18:33:52.445Z [test] info: Redis Client Connected For DB: 2
2024-05-20T18:33:52.445Z [test] info: Request Cache Initialized...
2024-05-20T18:33:53.196Z [test] info: Protocol Server started on PORT : 5001
2024-05-20T18:33:53.196Z [test] info: Protocol Server Started Successfully
2024-05-20T18:33:53.196Z [test] info: Mode: BAP
2024-05-20T18:33:53.196Z [test] info: Gateway Type: CLIENT
2024-05-20T18:34:33.451Z [test] info: Request from IP address ===> ::1
    Req From URL==> undefined
    

### jsonCompressorMiddleware Processing Time: 2 ms
2024-05-20T18:34:33.455Z [test] info: BAP Context created at BAP-CLIENT :==>
{"ttl":"PT10M","action":"init","timestamp":"2024-05-20T18:34:33.455Z","message_id":"0518e573-6844-4a4f-93af-fb47a041da07","transaction_id":"e32ee33c-b714-40c7-bf1a-cb0d40403cbd","domain":"onest:financial-support","version":"1.1.0","bap_id":"4826-49-206-252-152.ngrok-free.app","bap_uri":"https://4826-49-206-252-152.ngrok-free.app","bpp_id":"d.tibil.scholarship.dash.tibilprojects.com","bpp_uri":"https://d.tibil.scholarship.dash.tibilprojects.com/protocol-network"}

### contextBuilderMiddleware Processing Time: 4 ms
2024-05-20T18:34:33.456Z [test] info: Building Auth Header

2024-05-20T18:34:33.459Z [test] info: 
*********************************-----***********************************
    Signing String:==>
(created): 1716230013
(expires): 1716233613
digest: BLAKE-512=pPO33zLzpeL1rm9g4o7OzURove65ld0QnHAl7lYj2XK1HQcWbUg2dUSAMuJu2IvH0dSFE0Vio2jdnfd8MA8zDA==
*********************************-----***********************************

2024-05-20T18:34:33.460Z [test] info: Axios Config for Request from bap client:==>
{"headers":{"authorization":"Signature keyId=\"4826-49-206-252-152.ngrok-free.app|e2af49f4-fa5d-43c7-8204-fcb04e4ec612|ed25519\",algorithm=\"ed25519\",created=\"1716230013\",expires=\"1716233613\",headers=\"(created) (expires) digest\",signature=\"FvtexGNFszidqqlzyPU/AsCJYsDeG+zq0bSYQr2rMz04xt+3+99n3WdXT1k985sTxchHgoeSfokD8b3yuADJDg==\""},"timeout":3000}


queryKey : eyJkb21haW4iOiJOL0EiLCJzdWJzY3JpYmVyX2lkIjoiNDgyNi00OS0yMDYtMjUyLTE1Mi5uZ3Jvay1mcmVlLmFwcCIsInR5cGUiOiJOL0EiLCJ1bmlxdWVfa2V5X2lkIjoiZTJhZjQ5ZjQtZmE1ZC00M2M3LTgyMDQtZmNiMDRlNGVjNjEyIn0
queryKey : eyJkb21haW4iOiJOL0EiLCJzdWJzY3JpYmVyX2lkIjoiNDgyNi00OS0yMDYtMjUyLTE1Mi5uZ3Jvay1mcmVlLmFwcCIsInR5cGUiOiJOL0EiLCJ1bmlxdWVfa2V5X2lkIjoiZTJhZjQ5ZjQtZmE1ZC00M2M3LTgyMDQtZmNiMDRlNGVjNjEyIn0
redisResponse : [{"subscriber_id":"4826-49-206-252-152.ngrok-free.app","subscriber_url":"https://4826-49-206-252-152.ngrok-free.app/","type":"BAP","signing_public_key":"Us5QAhlzGE7RiqzvvysI2D39QjQ+AtGfYwgg+FqRpWM=","valid_until":"2027-01-01T05:30:00.000Z"}]
2024-05-20T18:34:33.474Z [test] info: 
Returning response from Cache at BAP-CLIENT

2024-05-20T18:34:33.474Z [test] info: CachedResponse at BAP-CLIENT: [{"subscriber_id":"4826-49-206-252-152.ngrok-free.app","subscriber_url":"https://4826-49-206-252-152.ngrok-free.app/","type":"BAP","signing_public_key":"Us5QAhlzGE7RiqzvvysI2D39QjQ+AtGfYwgg+FqRpWM=","valid_until":"2027-01-01T05:30:00.000Z"}]
### authBuilderMiddleware Processing Time: 18 ms
### openApiValidatorMiddleware Processing Time: 0 ms
2024-05-20T18:34:33.477Z [test] info: Sending message to outbox queue at BAP-CLIENT


2024-05-20T18:34:33.477Z [test] info: Request from client:
 {"context":{"ttl":"PT10M","action":"init","timestamp":"2024-05-20T18:34:33.455Z","message_id":"0518e573-6844-4a4f-93af-fb47a041da07","transaction_id":"e32ee33c-b714-40c7-bf1a-cb0d40403cbd","domain":"onest:financial-support","version":"1.1.0","bap_id":"4826-49-206-252-152.ngrok-free.app","bap_uri":"https://4826-49-206-252-152.ngrok-free.app","bpp_id":"d.tibil.scholarship.dash.tibilprojects.com","bpp_uri":"https://d.tibil.scholarship.dash.tibilprojects.com/protocol-network"},"message":{"order":{"items":[{"id":"5"}],"provider":{"id":"1"},"fulfillments":[{"customer":{"id":"123456","person":{"name":"Mahesh","age":"43","gender":"M"},"contact":{"phone":"9090909090","email":"abc@gmail.com"}}}]}}}

2024-05-20T18:34:40.407Z [test] info: Protocol Client Server (Network Settler) recieving message from inbox queue
2024-05-20T18:34:40.407Z [test] info: Response from BPP NETWORK:
 {"context":{"domain":"onest:financial-support","action":"on_init","version":"1.1.0","bpp_id":"d.tibil.scholarship.dash.tibilprojects.com","bpp_uri":"https://d.tibil.scholarship.dash.tibilprojects.com/protocol-network","country":"IND","city":"std:080","bap_id":"4826-49-206-252-152.ngrok-free.app","bap_uri":"https://4826-49-206-252-152.ngrok-free.app","transaction_id":"e32ee33c-b714-40c7-bf1a-cb0d40403cbd","message_id":"0518e573-6844-4a4f-93af-fb47a041da07","ttl":"PT10M","timestamp":"2024-05-20T18:34:37.572Z"},"message":{"order":{"provider":{"id":"1","descriptor":{"name":"buddy4"}},"items":[{"id":"5","descriptor":{"name":"Kotak Suraksha Scholarship Program for College Students 2024-25","long_desc":"The Kotak Suraksha Scholarship Program by Kotak Securities offers financial aid to Persons with Disabilities (PwD) category students in India. It supports Grade 9 to 12 students and those pursuing general or professional undergraduation studies within the country.","additional_desc":{"opportunity_type":"Scholarship"}},"creator":{"descriptor":{"name":"Kotak Securities Limited (KSL)"}},"price":{"currency":"INR","value":"Up to ₹1,00,000 per year"},"time":{"range":{"start":"2024-03-20T13:23:01+00:00","end":"2024-04-30T13:23:01+00:00"}},"rateable":true,"tags":[{"display":true,"descriptor":{"code":"academic-eligibility","name":"Academic-Eligibility"},"list":[{"descriptor":{"name":"Course","code":"course"},"value":"General/professional graduation","display":true},{"descriptor":{"name":"Min-Eligibility","code":"min-eligibility"},"value":"Pan-India applicants\n\nOpen to PwD (Persons with Disabilities) category students\n\nApplicants must have secured least 55% marks in the previous qualifying examination","display":true}]},{"display":true,"descriptor":{"code":"background-eligibility","name":"Background-Eligibility"},"list":[{"descriptor":{"name":"Social-Eligibility","code":"social-eligibility"},"value":"-","display":true},{"descriptor":{"name":"Gender-Eligibility","code":"gender-eligibility"},"value":"For All","display":true},{"descriptor":{"name":"Annual-Income","code":"annual-income"},"value":"Not more than ₹3,20,000","display":true}]},{"display":true,"descriptor":{"code":"additional-info","name":"Additional-Info"},"list":[{"descriptor":{"name":"Buddy4-Url","code":"buddy4-url"},"value":"https://www.buddy4study.com/page/kotak-suraksha-scholarship-program","display":true},{"descriptor":{"name":"Source-Url","code":"source-url"},"value":"https://www.buddy4study.com/page/kotak-suraksha-scholarship-program","display":true},{"descriptor":{"name":"Document-Url","code":"document-url"},"value":"N/A","display":true},{"descriptor":{"name":"Application-Mode","code":"application-mode"},"value":"Online","display":true},{"descriptor":{"name":"Extension of Deadline","code":"extension of deadline"},"value":"No","display":true},{"descriptor":{"name":"Other Details","code":"other details"},"value":"Children of the employees of Kotak Securities, its affiliates and Buddy4Study are not eligible.","display":true}]}],"xinput":{"required":true,"head":{"descriptor":{"name":"Application Form"},"index":{"min":0,"cur":0,"max":1},"headings":[["Scholarship Application Form"]]},"form":{"mime_type":"text/html","url":"https://d.tibil.scholarship.dash.tibilprojects.com/job/form?org_id=1&transaction_id=e32ee33c-b714-40c7-bf1a-cb0d40403cbd&job_id=5&curr_page=0&context=onest:financial-support"}}}],"type":"DEFAULT"}}}


### On res finish Processing Time: 7055 ms
Started syncing telemetry...
Stored api data size: 0
Stored metric data size: 0
Stored audit data size: 0
Stored raw data size: 0
Started syncing telemetry...
Stored api data size: 0
Stored metric data size: 0
Stored audit data size: 0
Stored raw data size: 0
Started syncing telemetry...
Stored api data size: 0
Stored metric data size: 0
Stored audit data size: 0
Stored raw data size: 0
Started syncing telemetry...
Stored api data size: 0
Stored metric data size: 0
Stored audit data size: 0
Stored raw data size: 0
Started syncing telemetry...
Stored api data size: 0
Stored metric data size: 0
Stored audit data size: 0
Stored raw data size: 0
Started syncing telemetry...
Stored api data size: 0
Stored metric data size: 0
Stored audit data size: 0
Stored raw data size: 0
Started syncing telemetry...
Stored api data size: 0
Stored metric data size: 0
Stored audit data size: 0
Stored raw data size: 0
Started syncing telemetry...
Stored api data size: 0
Stored metric data size: 0
Stored audit data size: 0
Stored raw data size: 0
Started syncing telemetry...
Stored api data size: 0
Stored metric data size: 0
Stored audit data size: 0
Stored raw data size: 0
Started syncing telemetry...
Stored api data size: 0
Stored metric data size: 0
Stored audit data size: 0
Stored raw data size: 0
Started syncing telemetry...
Stored api data size: 0
Stored metric data size: 0
Stored audit data size: 0
Stored raw data size: 0
Started syncing telemetry...
Stored api data size: 0
Stored metric data size: 0
Stored audit data size: 0
Stored raw data size: 0
Started syncing telemetry...
Stored api data size: 0
Stored metric data size: 0
Stored audit data size: 0
Stored raw data size: 0
Started syncing telemetry...
Stored api data size: 0
Stored metric data size: 0
Stored audit data size: 0
Stored raw data size: 0
Started syncing telemetry...
Stored api data size: 0
Stored metric data size: 0
Stored audit data size: 0
Stored raw data size: 0
Started syncing telemetry...
Stored api data size: 0
Stored metric data size: 0
Stored audit data size: 0
Stored raw data size: 0
Started syncing telemetry...
Stored api data size: 0
Stored metric data size: 0
Stored audit data size: 0
Stored raw data size: 0
Started syncing telemetry...
Stored api data size: 0
Stored metric data size: 0
Stored audit data size: 0
Stored raw data size: 0
